2026-04-11T22:53:04Z [AreaTriggerEvents] 'AreaTriggerEvents.json' does not exist, creating default config
2026-04-11T22:53:04Z [AreaTriggerEvents] Created trigger Temple_EG_A12 at 183.2 4.0 1906.6 ori: 0 0 0
2026-04-11T22:53:04Z [AreaTriggerEvents] Created trigger Temple_EG_GreatHallway at 247.4 61.3  1860.3 ori: 0 0 0
2026-04-11T22:53:04Z [AreaTriggerEvents] Created trigger Temple_EG_Entrance at 378.2 132.1 1479.8 ori: 0 0 0
2026-04-11T22:53:04Z [AreaTriggerEvents] Created trigger ArcticCrypt at 15621 231.4 14845 ori: 0 0 0
2026-04-11T22:53:04Z [AreaTriggerEvents] Created trigger ArcticCrypt2 at 15640 258.6 14828 ori: 0 0 0
2026-04-11T22:53:04Z [AreaTriggerEvents] Created trigger ArcticCrypt3 at 15642 208.9 14788 ori: 0 0 0
2026-04-11T22:53:04Z [AreaTriggerEvents] Created trigger KMUCMain at 7059 573.5 11620 ori: 0 0 0
2026-04-11T22:53:04Z [AreaTriggerEvents] Created trigger KMUCMainBottom at 7249 224.8 11617 ori: 0 0 0
2026-04-11T22:53:04Z [AreaTriggerEvents] Created trigger TempleBridgeJump at 371 49.6 526 ori: 0 0 0
2026-04-11T22:53:04Z [AreaTriggerEvents] Created trigger TempleOutsideTop1 at 739.5 38 483 ori: 0 0 0
2026-04-11T22:53:04Z [AreaTriggerEvents] Created trigger TempleOutsideTop2 at 670 49.5 306 ori: 0 0 0
2026-04-11T22:53:04Z [AreaTriggerEvents] Created trigger TempleWolfTrap at 591 14.3 390 ori: 0 0 0
2026-04-11T22:53:04Z [AreaTriggerEvents] Created trigger TempleInside1 at 865 19.2 410 ori: 0 0 0
2026-04-11T22:53:04Z [AreaTriggerEvents] Created trigger TempleInside2 at 828 38 484 ori: 0 0 0
2026-04-11T22:53:04Z [AreaTriggerEvents] Created trigger TempleHammerTrigger at 366 54.3 868 ori: 0 0 0
2026-04-11T22:53:04Z [AreaTriggerEvents] Created trigger TemplePartB1 at 405 130 1517 ori: 0 0 0
2026-04-11T22:53:04Z [AreaTriggerEvents] Created trigger TemplePartB2 at 417 2.4 1591 ori: 0 0 0
2026-04-11T23:08:34Z [AreaTriggerEvents] Created trigger Temple_EG_A12 at 183.2 4.0 1906.6 ori: 0 0 0
2026-04-11T23:08:34Z [AreaTriggerEvents] Created trigger Temple_EG_GreatHallway at 247.4 61.3  1860.3 ori: 0 0 0
2026-04-11T23:08:34Z [AreaTriggerEvents] Created trigger Temple_EG_Entrance at 378.2 132.1 1479.8 ori: 0 0 0
2026-04-11T23:08:34Z [AreaTriggerEvents] Created trigger ArcticCrypt at 15621 231.4 14845 ori: 0 0 0
2026-04-11T23:08:34Z [AreaTriggerEvents] Created trigger ArcticCrypt2 at 15640 258.6 14828 ori: 0 0 0
2026-04-11T23:08:34Z [AreaTriggerEvents] Created trigger ArcticCrypt3 at 15642 208.9 14788 ori: 0 0 0
2026-04-11T23:08:34Z [AreaTriggerEvents] Created trigger KMUCMain at 7059 573.5 11620 ori: 0 0 0
2026-04-11T23:08:34Z [AreaTriggerEvents] Created trigger KMUCMainBottom at 7249 224.8 11617 ori: 0 0 0
2026-04-11T23:08:34Z [AreaTriggerEvents] Created trigger TempleBridgeJump at 371 49.6 526 ori: 0 0 0
2026-04-11T23:08:34Z [AreaTriggerEvents] Created trigger TempleOutsideTop1 at 739.5 38 483 ori: 0 0 0
2026-04-11T23:08:34Z [AreaTriggerEvents] Created trigger TempleOutsideTop2 at 670 49.5 306 ori: 0 0 0
2026-04-11T23:08:34Z [AreaTriggerEvents] Created trigger TempleWolfTrap at 591 14.3 390 ori: 0 0 0
2026-04-11T23:08:34Z [AreaTriggerEvents] Created trigger TempleInside1 at 865 19.2 410 ori: 0 0 0
2026-04-11T23:08:34Z [AreaTriggerEvents] Created trigger TempleInside2 at 828 38 484 ori: 0 0 0
2026-04-11T23:08:34Z [AreaTriggerEvents] Created trigger TempleHammerTrigger at 366 54.3 868 ori: 0 0 0
2026-04-11T23:08:34Z [AreaTriggerEvents] Created trigger TemplePartB1 at 405 130 1517 ori: 0 0 0
2026-04-11T23:08:34Z [AreaTriggerEvents] Created trigger TemplePartB2 at 417 2.4 1591 ori: 0 0 0
2026-04-12T01:44:18Z [AreaTriggerEvents] Created trigger Temple_EG_A12 at 183.2 4.0 1906.6 ori: 0 0 0
2026-04-12T01:44:18Z [AreaTriggerEvents] Created trigger Temple_EG_GreatHallway at 247.4 61.3  1860.3 ori: 0 0 0
2026-04-12T01:44:18Z [AreaTriggerEvents] Created trigger Temple_EG_Entrance at 378.2 132.1 1479.8 ori: 0 0 0
2026-04-12T01:44:18Z [AreaTriggerEvents] Created trigger ArcticCrypt at 15621 231.4 14845 ori: 0 0 0
2026-04-12T01:44:18Z [AreaTriggerEvents] Created trigger ArcticCrypt2 at 15640 258.6 14828 ori: 0 0 0
2026-04-12T01:44:18Z [AreaTriggerEvents] Created trigger ArcticCrypt3 at 15642 208.9 14788 ori: 0 0 0
2026-04-12T01:44:18Z [AreaTriggerEvents] Created trigger KMUCMain at 7059 573.5 11620 ori: 0 0 0
2026-04-12T01:44:18Z [AreaTriggerEvents] Created trigger KMUCMainBottom at 7249 224.8 11617 ori: 0 0 0
2026-04-12T01:44:18Z [AreaTriggerEvents] Created trigger TempleBridgeJump at 371 49.6 526 ori: 0 0 0
2026-04-12T01:44:18Z [AreaTriggerEvents] Created trigger TempleOutsideTop1 at 739.5 38 483 ori: 0 0 0
2026-04-12T01:44:18Z [AreaTriggerEvents] Created trigger TempleOutsideTop2 at 670 49.5 306 ori: 0 0 0
2026-04-12T01:44:18Z [AreaTriggerEvents] Created trigger TempleWolfTrap at 591 14.3 390 ori: 0 0 0
2026-04-12T01:44:18Z [AreaTriggerEvents] Created trigger TempleInside1 at 865 19.2 410 ori: 0 0 0
2026-04-12T01:44:18Z [AreaTriggerEvents] Created trigger TempleInside2 at 828 38 484 ori: 0 0 0
2026-04-12T01:44:18Z [AreaTriggerEvents] Created trigger TempleHammerTrigger at 366 54.3 868 ori: 0 0 0
2026-04-12T01:44:18Z [AreaTriggerEvents] Created trigger TemplePartB1 at 405 130 1517 ori: 0 0 0
2026-04-12T01:44:18Z [AreaTriggerEvents] Created trigger TemplePartB2 at 417 2.4 1591 ori: 0 0 0
2026-04-12T01:44:25Z [AreaTriggerEvents] Created trigger Temple_EG_A12 at 183.2 4.0 1906.6 ori: 0 0 0
2026-04-12T01:44:25Z [AreaTriggerEvents] Created trigger Temple_EG_GreatHallway at 247.4 61.3  1860.3 ori: 0 0 0
2026-04-12T01:44:25Z [AreaTriggerEvents] Created trigger Temple_EG_Entrance at 378.2 132.1 1479.8 ori: 0 0 0
2026-04-12T01:44:25Z [AreaTriggerEvents] Created trigger ArcticCrypt at 15621 231.4 14845 ori: 0 0 0
2026-04-12T01:44:25Z [AreaTriggerEvents] Created trigger ArcticCrypt2 at 15640 258.6 14828 ori: 0 0 0
2026-04-12T01:44:25Z [AreaTriggerEvents] Created trigger ArcticCrypt3 at 15642 208.9 14788 ori: 0 0 0
2026-04-12T01:44:25Z [AreaTriggerEvents] Created trigger KMUCMain at 7059 573.5 11620 ori: 0 0 0
2026-04-12T01:44:25Z [AreaTriggerEvents] Created trigger KMUCMainBottom at 7249 224.8 11617 ori: 0 0 0
2026-04-12T01:44:25Z [AreaTriggerEvents] Created trigger TempleBridgeJump at 371 49.6 526 ori: 0 0 0
2026-04-12T01:44:25Z [AreaTriggerEvents] Created trigger TempleOutsideTop1 at 739.5 38 483 ori: 0 0 0
2026-04-12T01:44:25Z [AreaTriggerEvents] Created trigger TempleOutsideTop2 at 670 49.5 306 ori: 0 0 0
2026-04-12T01:44:25Z [AreaTriggerEvents] Created trigger TempleWolfTrap at 591 14.3 390 ori: 0 0 0
2026-04-12T01:44:25Z [AreaTriggerEvents] Created trigger TempleInside1 at 865 19.2 410 ori: 0 0 0
2026-04-12T01:44:25Z [AreaTriggerEvents] Created trigger TempleInside2 at 828 38 484 ori: 0 0 0
2026-04-12T01:44:25Z [AreaTriggerEvents] Created trigger TempleHammerTrigger at 366 54.3 868 ori: 0 0 0
2026-04-12T01:44:25Z [AreaTriggerEvents] Created trigger TemplePartB1 at 405 130 1517 ori: 0 0 0
2026-04-12T01:44:25Z [AreaTriggerEvents] Created trigger TemplePartB2 at 417 2.4 1591 ori: 0 0 0
2026-04-12T01:48:33Z [AreaTriggerEvents] Created trigger Temple_EG_A12 at 183.2 4.0 1906.6 ori: 0 0 0
2026-04-12T01:48:33Z [AreaTriggerEvents] Created trigger Temple_EG_GreatHallway at 247.4 61.3  1860.3 ori: 0 0 0
2026-04-12T01:48:33Z [AreaTriggerEvents] Created trigger Temple_EG_Entrance at 378.2 132.1 1479.8 ori: 0 0 0
2026-04-12T01:48:33Z [AreaTriggerEvents] Created trigger ArcticCrypt at 15621 231.4 14845 ori: 0 0 0
2026-04-12T01:48:33Z [AreaTriggerEvents] Created trigger ArcticCrypt2 at 15640 258.6 14828 ori: 0 0 0
2026-04-12T01:48:33Z [AreaTriggerEvents] Created trigger ArcticCrypt3 at 15642 208.9 14788 ori: 0 0 0
2026-04-12T01:48:33Z [AreaTriggerEvents] Created trigger KMUCMain at 7059 573.5 11620 ori: 0 0 0
2026-04-12T01:48:33Z [AreaTriggerEvents] Created trigger KMUCMainBottom at 7249 224.8 11617 ori: 0 0 0
2026-04-12T01:48:33Z [AreaTriggerEvents] Created trigger TempleBridgeJump at 371 49.6 526 ori: 0 0 0
2026-04-12T01:48:33Z [AreaTriggerEvents] Created trigger TempleOutsideTop1 at 739.5 38 483 ori: 0 0 0
2026-04-12T01:48:33Z [AreaTriggerEvents] Created trigger TempleOutsideTop2 at 670 49.5 306 ori: 0 0 0
2026-04-12T01:48:33Z [AreaTriggerEvents] Created trigger TempleWolfTrap at 591 14.3 390 ori: 0 0 0
2026-04-12T01:48:33Z [AreaTriggerEvents] Created trigger TempleInside1 at 865 19.2 410 ori: 0 0 0
2026-04-12T01:48:33Z [AreaTriggerEvents] Created trigger TempleInside2 at 828 38 484 ori: 0 0 0
2026-04-12T01:48:33Z [AreaTriggerEvents] Created trigger TempleHammerTrigger at 366 54.3 868 ori: 0 0 0
2026-04-12T01:48:33Z [AreaTriggerEvents] Created trigger TemplePartB1 at 405 130 1517 ori: 0 0 0
2026-04-12T01:48:33Z [AreaTriggerEvents] Created trigger TemplePartB2 at 417 2.4 1591 ori: 0 0 0
2026-04-12T01:54:04Z [AreaTriggerEvents] Created trigger Temple_EG_A12 at 183.2 4.0 1906.6 ori: 0 0 0
2026-04-12T01:54:04Z [AreaTriggerEvents] Created trigger Temple_EG_GreatHallway at 247.4 61.3  1860.3 ori: 0 0 0
2026-04-12T01:54:04Z [AreaTriggerEvents] Created trigger Temple_EG_Entrance at 378.2 132.1 1479.8 ori: 0 0 0
2026-04-12T01:54:04Z [AreaTriggerEvents] Created trigger ArcticCrypt at 15621 231.4 14845 ori: 0 0 0
2026-04-12T01:54:04Z [AreaTriggerEvents] Created trigger ArcticCrypt2 at 15640 258.6 14828 ori: 0 0 0
2026-04-12T01:54:04Z [AreaTriggerEvents] Created trigger ArcticCrypt3 at 15642 208.9 14788 ori: 0 0 0
2026-04-12T01:54:04Z [AreaTriggerEvents] Created trigger KMUCMain at 7059 573.5 11620 ori: 0 0 0
2026-04-12T01:54:04Z [AreaTriggerEvents] Created trigger KMUCMainBottom at 7249 224.8 11617 ori: 0 0 0
2026-04-12T01:54:04Z [AreaTriggerEvents] Created trigger TempleBridgeJump at 371 49.6 526 ori: 0 0 0
2026-04-12T01:54:04Z [AreaTriggerEvents] Created trigger TempleOutsideTop1 at 739.5 38 483 ori: 0 0 0
2026-04-12T01:54:04Z [AreaTriggerEvents] Created trigger TempleOutsideTop2 at 670 49.5 306 ori: 0 0 0
2026-04-12T01:54:04Z [AreaTriggerEvents] Created trigger TempleWolfTrap at 591 14.3 390 ori: 0 0 0
2026-04-12T01:54:04Z [AreaTriggerEvents] Created trigger TempleInside1 at 865 19.2 410 ori: 0 0 0
2026-04-12T01:54:04Z [AreaTriggerEvents] Created trigger TempleInside2 at 828 38 484 ori: 0 0 0
2026-04-12T01:54:04Z [AreaTriggerEvents] Created trigger TempleHammerTrigger at 366 54.3 868 ori: 0 0 0
2026-04-12T01:54:04Z [AreaTriggerEvents] Created trigger TemplePartB1 at 405 130 1517 ori: 0 0 0
2026-04-12T01:54:04Z [AreaTriggerEvents] Created trigger TemplePartB2 at 417 2.4 1591 ori: 0 0 0
2026-04-12T02:05:41Z [AreaTriggerEvents] Created trigger Temple_EG_A12 at 183.2 4.0 1906.6 ori: 0 0 0
2026-04-12T02:05:41Z [AreaTriggerEvents] Created trigger Temple_EG_GreatHallway at 247.4 61.3  1860.3 ori: 0 0 0
2026-04-12T02:05:41Z [AreaTriggerEvents] Created trigger Temple_EG_Entrance at 378.2 132.1 1479.8 ori: 0 0 0
2026-04-12T02:05:41Z [AreaTriggerEvents] Created trigger ArcticCrypt at 15621 231.4 14845 ori: 0 0 0
2026-04-12T02:05:41Z [AreaTriggerEvents] Created trigger ArcticCrypt2 at 15640 258.6 14828 ori: 0 0 0
2026-04-12T02:05:41Z [AreaTriggerEvents] Created trigger ArcticCrypt3 at 15642 208.9 14788 ori: 0 0 0
2026-04-12T02:05:41Z [AreaTriggerEvents] Created trigger KMUCMain at 7059 573.5 11620 ori: 0 0 0
2026-04-12T02:05:41Z [AreaTriggerEvents] Created trigger KMUCMainBottom at 7249 224.8 11617 ori: 0 0 0
2026-04-12T02:05:41Z [AreaTriggerEvents] Created trigger TempleBridgeJump at 371 49.6 526 ori: 0 0 0
2026-04-12T02:05:41Z [AreaTriggerEvents] Created trigger TempleOutsideTop1 at 739.5 38 483 ori: 0 0 0
2026-04-12T02:05:41Z [AreaTriggerEvents] Created trigger TempleOutsideTop2 at 670 49.5 306 ori: 0 0 0
2026-04-12T02:05:41Z [AreaTriggerEvents] Created trigger TempleWolfTrap at 591 14.3 390 ori: 0 0 0
2026-04-12T02:05:41Z [AreaTriggerEvents] Created trigger TempleInside1 at 865 19.2 410 ori: 0 0 0
2026-04-12T02:05:41Z [AreaTriggerEvents] Created trigger TempleInside2 at 828 38 484 ori: 0 0 0
2026-04-12T02:05:41Z [AreaTriggerEvents] Created trigger TempleHammerTrigger at 366 54.3 868 ori: 0 0 0
2026-04-12T02:05:41Z [AreaTriggerEvents] Created trigger TemplePartB1 at 405 130 1517 ori: 0 0 0
2026-04-12T02:05:41Z [AreaTriggerEvents] Created trigger TemplePartB2 at 417 2.4 1591 ori: 0 0 0
2026-04-12T02:09:08Z [AreaTriggerEvents] Created trigger Temple_EG_A12 at 183.2 4.0 1906.6 ori: 0 0 0
2026-04-12T02:09:08Z [AreaTriggerEvents] Created trigger Temple_EG_GreatHallway at 247.4 61.3  1860.3 ori: 0 0 0
2026-04-12T02:09:08Z [AreaTriggerEvents] Created trigger Temple_EG_Entrance at 378.2 132.1 1479.8 ori: 0 0 0
2026-04-12T02:09:08Z [AreaTriggerEvents] Created trigger ArcticCrypt at 15621 231.4 14845 ori: 0 0 0
2026-04-12T02:09:08Z [AreaTriggerEvents] Created trigger ArcticCrypt2 at 15640 258.6 14828 ori: 0 0 0
2026-04-12T02:09:08Z [AreaTriggerEvents] Created trigger ArcticCrypt3 at 15642 208.9 14788 ori: 0 0 0
2026-04-12T02:09:08Z [AreaTriggerEvents] Created trigger KMUCMain at 7059 573.5 11620 ori: 0 0 0
2026-04-12T02:09:08Z [AreaTriggerEvents] Created trigger KMUCMainBottom at 7249 224.8 11617 ori: 0 0 0
2026-04-12T02:09:08Z [AreaTriggerEvents] Created trigger TempleBridgeJump at 371 49.6 526 ori: 0 0 0
2026-04-12T02:09:08Z [AreaTriggerEvents] Created trigger TempleOutsideTop1 at 739.5 38 483 ori: 0 0 0
2026-04-12T02:09:08Z [AreaTriggerEvents] Created trigger TempleOutsideTop2 at 670 49.5 306 ori: 0 0 0
2026-04-12T02:09:08Z [AreaTriggerEvents] Created trigger TempleWolfTrap at 591 14.3 390 ori: 0 0 0
2026-04-12T02:09:08Z [AreaTriggerEvents] Created trigger TempleInside1 at 865 19.2 410 ori: 0 0 0
2026-04-12T02:09:08Z [AreaTriggerEvents] Created trigger TempleInside2 at 828 38 484 ori: 0 0 0
2026-04-12T02:09:08Z [AreaTriggerEvents] Created trigger TempleHammerTrigger at 366 54.3 868 ori: 0 0 0
2026-04-12T02:09:08Z [AreaTriggerEvents] Created trigger TemplePartB1 at 405 130 1517 ori: 0 0 0
2026-04-12T02:09:08Z [AreaTriggerEvents] Created trigger TemplePartB2 at 417 2.4 1591 ori: 0 0 0
2026-04-12T10:34:26Z [AreaTriggerEvents] Created trigger Temple_EG_A12 at 183.2 4.0 1906.6 ori: 0 0 0
2026-04-12T10:34:26Z [AreaTriggerEvents] Created trigger Temple_EG_GreatHallway at 247.4 61.3  1860.3 ori: 0 0 0
2026-04-12T10:34:26Z [AreaTriggerEvents] Created trigger Temple_EG_Entrance at 378.2 132.1 1479.8 ori: 0 0 0
2026-04-12T10:34:26Z [AreaTriggerEvents] Created trigger ArcticCrypt at 15621 231.4 14845 ori: 0 0 0
2026-04-12T10:34:26Z [AreaTriggerEvents] Created trigger ArcticCrypt2 at 15640 258.6 14828 ori: 0 0 0
2026-04-12T10:34:26Z [AreaTriggerEvents] Created trigger ArcticCrypt3 at 15642 208.9 14788 ori: 0 0 0
2026-04-12T10:34:26Z [AreaTriggerEvents] Created trigger KMUCMain at 7059 573.5 11620 ori: 0 0 0
2026-04-12T10:34:26Z [AreaTriggerEvents] Created trigger KMUCMainBottom at 7249 224.8 11617 ori: 0 0 0
2026-04-12T10:34:26Z [AreaTriggerEvents] Created trigger TempleBridgeJump at 371 49.6 526 ori: 0 0 0
2026-04-12T10:34:26Z [AreaTriggerEvents] Created trigger TempleOutsideTop1 at 739.5 38 483 ori: 0 0 0
2026-04-12T10:34:26Z [AreaTriggerEvents] Created trigger TempleOutsideTop2 at 670 49.5 306 ori: 0 0 0
2026-04-12T10:34:26Z [AreaTriggerEvents] Created trigger TempleWolfTrap at 591 14.3 390 ori: 0 0 0
2026-04-12T10:34:26Z [AreaTriggerEvents] Created trigger TempleInside1 at 865 19.2 410 ori: 0 0 0
2026-04-12T10:34:26Z [AreaTriggerEvents] Created trigger TempleInside2 at 828 38 484 ori: 0 0 0
2026-04-12T10:34:26Z [AreaTriggerEvents] Created trigger TempleHammerTrigger at 366 54.3 868 ori: 0 0 0
2026-04-12T10:34:26Z [AreaTriggerEvents] Created trigger TemplePartB1 at 405 130 1517 ori: 0 0 0
2026-04-12T10:34:26Z [AreaTriggerEvents] Created trigger TemplePartB2 at 417 2.4 1591 ori: 0 0 0
2026-04-12T10:54:03Z [AreaTriggerEvents] Created trigger Temple_EG_A12 at 183.2 4.0 1906.6 ori: 0 0 0
2026-04-12T10:54:03Z [AreaTriggerEvents] Created trigger Temple_EG_GreatHallway at 247.4 61.3  1860.3 ori: 0 0 0
2026-04-12T10:54:03Z [AreaTriggerEvents] Created trigger Temple_EG_Entrance at 378.2 132.1 1479.8 ori: 0 0 0
2026-04-12T10:54:03Z [AreaTriggerEvents] Created trigger ArcticCrypt at 15621 231.4 14845 ori: 0 0 0
2026-04-12T10:54:03Z [AreaTriggerEvents] Created trigger ArcticCrypt2 at 15640 258.6 14828 ori: 0 0 0
2026-04-12T10:54:03Z [AreaTriggerEvents] Created trigger ArcticCrypt3 at 15642 208.9 14788 ori: 0 0 0
2026-04-12T10:54:03Z [AreaTriggerEvents] Created trigger KMUCMain at 7059 573.5 11620 ori: 0 0 0
2026-04-12T10:54:03Z [AreaTriggerEvents] Created trigger KMUCMainBottom at 7249 224.8 11617 ori: 0 0 0
2026-04-12T10:54:03Z [AreaTriggerEvents] Created trigger TempleBridgeJump at 371 49.6 526 ori: 0 0 0
2026-04-12T10:54:03Z [AreaTriggerEvents] Created trigger TempleOutsideTop1 at 739.5 38 483 ori: 0 0 0
2026-04-12T10:54:03Z [AreaTriggerEvents] Created trigger TempleOutsideTop2 at 670 49.5 306 ori: 0 0 0
2026-04-12T10:54:03Z [AreaTriggerEvents] Created trigger TempleWolfTrap at 591 14.3 390 ori: 0 0 0
2026-04-12T10:54:03Z [AreaTriggerEvents] Created trigger TempleInside1 at 865 19.2 410 ori: 0 0 0
2026-04-12T10:54:03Z [AreaTriggerEvents] Created trigger TempleInside2 at 828 38 484 ori: 0 0 0
2026-04-12T10:54:03Z [AreaTriggerEvents] Created trigger TempleHammerTrigger at 366 54.3 868 ori: 0 0 0
2026-04-12T10:54:03Z [AreaTriggerEvents] Created trigger TemplePartB1 at 405 130 1517 ori: 0 0 0
2026-04-12T10:54:03Z [AreaTriggerEvents] Created trigger TemplePartB2 at 417 2.4 1591 ori: 0 0 0
2026-04-12T11:04:49Z [AreaTriggerEvents] Created trigger Temple_EG_A12 at 183.2 4.0 1906.6 ori: 0 0 0
2026-04-12T11:04:49Z [AreaTriggerEvents] Created trigger Temple_EG_GreatHallway at 247.4 61.3  1860.3 ori: 0 0 0
2026-04-12T11:04:49Z [AreaTriggerEvents] Created trigger Temple_EG_Entrance at 378.2 132.1 1479.8 ori: 0 0 0
2026-04-12T11:04:49Z [AreaTriggerEvents] Created trigger ArcticCrypt at 15621 231.4 14845 ori: 0 0 0
2026-04-12T11:04:49Z [AreaTriggerEvents] Created trigger ArcticCrypt2 at 15640 258.6 14828 ori: 0 0 0
2026-04-12T11:04:49Z [AreaTriggerEvents] Created trigger ArcticCrypt3 at 15642 208.9 14788 ori: 0 0 0
2026-04-12T11:04:49Z [AreaTriggerEvents] Created trigger KMUCMain at 7059 573.5 11620 ori: 0 0 0
2026-04-12T11:04:49Z [AreaTriggerEvents] Created trigger KMUCMainBottom at 7249 224.8 11617 ori: 0 0 0
2026-04-12T11:04:49Z [AreaTriggerEvents] Created trigger TempleBridgeJump at 371 49.6 526 ori: 0 0 0
2026-04-12T11:04:49Z [AreaTriggerEvents] Created trigger TempleOutsideTop1 at 739.5 38 483 ori: 0 0 0
2026-04-12T11:04:49Z [AreaTriggerEvents] Created trigger TempleOutsideTop2 at 670 49.5 306 ori: 0 0 0
2026-04-12T11:04:49Z [AreaTriggerEvents] Created trigger TempleWolfTrap at 591 14.3 390 ori: 0 0 0
2026-04-12T11:04:49Z [AreaTriggerEvents] Created trigger TempleInside1 at 865 19.2 410 ori: 0 0 0
2026-04-12T11:04:49Z [AreaTriggerEvents] Created trigger TempleInside2 at 828 38 484 ori: 0 0 0
2026-04-12T11:04:49Z [AreaTriggerEvents] Created trigger TempleHammerTrigger at 366 54.3 868 ori: 0 0 0
2026-04-12T11:04:49Z [AreaTriggerEvents] Created trigger TemplePartB1 at 405 130 1517 ori: 0 0 0
2026-04-12T11:04:49Z [AreaTriggerEvents] Created trigger TemplePartB2 at 417 2.4 1591 ori: 0 0 0
2026-04-12T11:47:07Z [AreaTriggerEvents] Created trigger Temple_EG_A12 at 183.2 4.0 1906.6 ori: 0 0 0
2026-04-12T11:47:07Z [AreaTriggerEvents] Created trigger Temple_EG_GreatHallway at 247.4 61.3  1860.3 ori: 0 0 0
2026-04-12T11:47:07Z [AreaTriggerEvents] Created trigger Temple_EG_Entrance at 378.2 132.1 1479.8 ori: 0 0 0
2026-04-12T11:47:07Z [AreaTriggerEvents] Created trigger ArcticCrypt at 15621 231.4 14845 ori: 0 0 0
2026-04-12T11:47:07Z [AreaTriggerEvents] Created trigger ArcticCrypt2 at 15640 258.6 14828 ori: 0 0 0
2026-04-12T11:47:07Z [AreaTriggerEvents] Created trigger ArcticCrypt3 at 15642 208.9 14788 ori: 0 0 0
2026-04-12T11:47:07Z [AreaTriggerEvents] Created trigger KMUCMain at 7059 573.5 11620 ori: 0 0 0
2026-04-12T11:47:07Z [AreaTriggerEvents] Created trigger KMUCMainBottom at 7249 224.8 11617 ori: 0 0 0
2026-04-12T11:47:07Z [AreaTriggerEvents] Created trigger TempleBridgeJump at 371 49.6 526 ori: 0 0 0
2026-04-12T11:47:07Z [AreaTriggerEvents] Created trigger TempleOutsideTop1 at 739.5 38 483 ori: 0 0 0
2026-04-12T11:47:07Z [AreaTriggerEvents] Created trigger TempleOutsideTop2 at 670 49.5 306 ori: 0 0 0
2026-04-12T11:47:07Z [AreaTriggerEvents] Created trigger TempleWolfTrap at 591 14.3 390 ori: 0 0 0
2026-04-12T11:47:07Z [AreaTriggerEvents] Created trigger TempleInside1 at 865 19.2 410 ori: 0 0 0
2026-04-12T11:47:07Z [AreaTriggerEvents] Created trigger TempleInside2 at 828 38 484 ori: 0 0 0
2026-04-12T11:47:07Z [AreaTriggerEvents] Created trigger TempleHammerTrigger at 366 54.3 868 ori: 0 0 0
2026-04-12T11:47:07Z [AreaTriggerEvents] Created trigger TemplePartB1 at 405 130 1517 ori: 0 0 0
2026-04-12T11:47:07Z [AreaTriggerEvents] Created trigger TemplePartB2 at 417 2.4 1591 ori: 0 0 0
2026-04-12T13:37:24Z [AreaTriggerEvents] Created trigger Temple_EG_A12 at 183.2 4.0 1906.6 ori: 0 0 0
2026-04-12T13:37:24Z [AreaTriggerEvents] Created trigger Temple_EG_GreatHallway at 247.4 61.3  1860.3 ori: 0 0 0
2026-04-12T13:37:24Z [AreaTriggerEvents] Created trigger Temple_EG_Entrance at 378.2 132.1 1479.8 ori: 0 0 0
2026-04-12T13:37:24Z [AreaTriggerEvents] Created trigger ArcticCrypt at 15621 231.4 14845 ori: 0 0 0
2026-04-12T13:37:24Z [AreaTriggerEvents] Created trigger ArcticCrypt2 at 15640 258.6 14828 ori: 0 0 0
2026-04-12T13:37:24Z [AreaTriggerEvents] Created trigger ArcticCrypt3 at 15642 208.9 14788 ori: 0 0 0
2026-04-12T13:37:24Z [AreaTriggerEvents] Created trigger KMUCMain at 7059 573.5 11620 ori: 0 0 0
2026-04-12T13:37:24Z [AreaTriggerEvents] Created trigger KMUCMainBottom at 7249 224.8 11617 ori: 0 0 0
2026-04-12T13:37:24Z [AreaTriggerEvents] Created trigger TempleBridgeJump at 371 49.6 526 ori: 0 0 0
2026-04-12T13:37:24Z [AreaTriggerEvents] Created trigger TempleOutsideTop1 at 739.5 38 483 ori: 0 0 0
2026-04-12T13:37:24Z [AreaTriggerEvents] Created trigger TempleOutsideTop2 at 670 49.5 306 ori: 0 0 0
2026-04-12T13:37:24Z [AreaTriggerEvents] Created trigger TempleWolfTrap at 591 14.3 390 ori: 0 0 0
2026-04-12T13:37:24Z [AreaTriggerEvents] Created trigger TempleInside1 at 865 19.2 410 ori: 0 0 0
2026-04-12T13:37:24Z [AreaTriggerEvents] Created trigger TempleInside2 at 828 38 484 ori: 0 0 0
2026-04-12T13:37:24Z [AreaTriggerEvents] Created trigger TempleHammerTrigger at 366 54.3 868 ori: 0 0 0
2026-04-12T13:37:24Z [AreaTriggerEvents] Created trigger TemplePartB1 at 405 130 1517 ori: 0 0 0
2026-04-12T13:37:24Z [AreaTriggerEvents] Created trigger TemplePartB2 at 417 2.4 1591 ori: 0 0 0
2026-04-12T14:48:32Z [AreaTriggerEvents] Created trigger Temple_EG_A12 at 183.2 4.0 1906.6 ori: 0 0 0
2026-04-12T14:48:32Z [AreaTriggerEvents] Created trigger Temple_EG_GreatHallway at 247.4 61.3  1860.3 ori: 0 0 0
2026-04-12T14:48:32Z [AreaTriggerEvents] Created trigger Temple_EG_Entrance at 378.2 132.1 1479.8 ori: 0 0 0
2026-04-12T14:48:32Z [AreaTriggerEvents] Created trigger ArcticCrypt at 15621 231.4 14845 ori: 0 0 0
2026-04-12T14:48:32Z [AreaTriggerEvents] Created trigger ArcticCrypt2 at 15640 258.6 14828 ori: 0 0 0
2026-04-12T14:48:32Z [AreaTriggerEvents] Created trigger ArcticCrypt3 at 15642 208.9 14788 ori: 0 0 0
2026-04-12T14:48:32Z [AreaTriggerEvents] Created trigger KMUCMain at 7059 573.5 11620 ori: 0 0 0
2026-04-12T14:48:32Z [AreaTriggerEvents] Created trigger KMUCMainBottom at 7249 224.8 11617 ori: 0 0 0
2026-04-12T14:48:32Z [AreaTriggerEvents] Created trigger TempleBridgeJump at 371 49.6 526 ori: 0 0 0
2026-04-12T14:48:32Z [AreaTriggerEvents] Created trigger TempleOutsideTop1 at 739.5 38 483 ori: 0 0 0
2026-04-12T14:48:32Z [AreaTriggerEvents] Created trigger TempleOutsideTop2 at 670 49.5 306 ori: 0 0 0
2026-04-12T14:48:32Z [AreaTriggerEvents] Created trigger TempleWolfTrap at 591 14.3 390 ori: 0 0 0
2026-04-12T14:48:32Z [AreaTriggerEvents] Created trigger TempleInside1 at 865 19.2 410 ori: 0 0 0
2026-04-12T14:48:33Z [AreaTriggerEvents] Created trigger TempleInside2 at 828 38 484 ori: 0 0 0
2026-04-12T14:48:33Z [AreaTriggerEvents] Created trigger TempleHammerTrigger at 366 54.3 868 ori: 0 0 0
2026-04-12T14:48:33Z [AreaTriggerEvents] Created trigger TemplePartB1 at 405 130 1517 ori: 0 0 0
2026-04-12T14:48:33Z [AreaTriggerEvents] Created trigger TemplePartB2 at 417 2.4 1591 ori: 0 0 0
2026-04-12T16:00:19Z [AreaTriggerEvents] Created trigger Temple_EG_A12 at 183.2 4.0 1906.6 ori: 0 0 0
2026-04-12T16:00:19Z [AreaTriggerEvents] Created trigger Temple_EG_GreatHallway at 247.4 61.3  1860.3 ori: 0 0 0
2026-04-12T16:00:19Z [AreaTriggerEvents] Created trigger Temple_EG_Entrance at 378.2 132.1 1479.8 ori: 0 0 0
2026-04-12T16:00:19Z [AreaTriggerEvents] Created trigger ArcticCrypt at 15621 231.4 14845 ori: 0 0 0
2026-04-12T16:00:19Z [AreaTriggerEvents] Created trigger ArcticCrypt2 at 15640 258.6 14828 ori: 0 0 0
2026-04-12T16:00:19Z [AreaTriggerEvents] Created trigger ArcticCrypt3 at 15642 208.9 14788 ori: 0 0 0
2026-04-12T16:00:19Z [AreaTriggerEvents] Created trigger KMUCMain at 7059 573.5 11620 ori: 0 0 0
2026-04-12T16:00:19Z [AreaTriggerEvents] Created trigger KMUCMainBottom at 7249 224.8 11617 ori: 0 0 0
2026-04-12T16:00:19Z [AreaTriggerEvents] Created trigger TempleBridgeJump at 371 49.6 526 ori: 0 0 0
2026-04-12T16:00:19Z [AreaTriggerEvents] Created trigger TempleOutsideTop1 at 739.5 38 483 ori: 0 0 0
2026-04-12T16:00:19Z [AreaTriggerEvents] Created trigger TempleOutsideTop2 at 670 49.5 306 ori: 0 0 0
2026-04-12T16:00:19Z [AreaTriggerEvents] Created trigger TempleWolfTrap at 591 14.3 390 ori: 0 0 0
2026-04-12T16:00:19Z [AreaTriggerEvents] Created trigger TempleInside1 at 865 19.2 410 ori: 0 0 0
2026-04-12T16:00:19Z [AreaTriggerEvents] Created trigger TempleInside2 at 828 38 484 ori: 0 0 0
2026-04-12T16:00:19Z [AreaTriggerEvents] Created trigger TempleHammerTrigger at 366 54.3 868 ori: 0 0 0
2026-04-12T16:00:19Z [AreaTriggerEvents] Created trigger TemplePartB1 at 405 130 1517 ori: 0 0 0
2026-04-12T16:00:19Z [AreaTriggerEvents] Created trigger TemplePartB2 at 417 2.4 1591 ori: 0 0 0
2026-04-12T17:35:27Z [AreaTriggerEvents] Created trigger Temple_EG_A12 at 183.2 4.0 1906.6 ori: 0 0 0
2026-04-12T17:35:27Z [AreaTriggerEvents] Created trigger Temple_EG_GreatHallway at 247.4 61.3  1860.3 ori: 0 0 0
2026-04-12T17:35:27Z [AreaTriggerEvents] Created trigger Temple_EG_Entrance at 378.2 132.1 1479.8 ori: 0 0 0
2026-04-12T17:35:27Z [AreaTriggerEvents] Created trigger ArcticCrypt at 15621 231.4 14845 ori: 0 0 0
2026-04-12T17:35:27Z [AreaTriggerEvents] Created trigger ArcticCrypt2 at 15640 258.6 14828 ori: 0 0 0
2026-04-12T17:35:27Z [AreaTriggerEvents] Created trigger ArcticCrypt3 at 15642 208.9 14788 ori: 0 0 0
2026-04-12T17:35:27Z [AreaTriggerEvents] Created trigger KMUCMain at 7059 573.5 11620 ori: 0 0 0
2026-04-12T17:35:27Z [AreaTriggerEvents] Created trigger KMUCMainBottom at 7249 224.8 11617 ori: 0 0 0
2026-04-12T17:35:27Z [AreaTriggerEvents] Created trigger TempleBridgeJump at 371 49.6 526 ori: 0 0 0
2026-04-12T17:35:27Z [AreaTriggerEvents] Created trigger TempleOutsideTop1 at 739.5 38 483 ori: 0 0 0
2026-04-12T17:35:27Z [AreaTriggerEvents] Created trigger TempleOutsideTop2 at 670 49.5 306 ori: 0 0 0
2026-04-12T17:35:27Z [AreaTriggerEvents] Created trigger TempleWolfTrap at 591 14.3 390 ori: 0 0 0
2026-04-12T17:35:27Z [AreaTriggerEvents] Created trigger TempleInside1 at 865 19.2 410 ori: 0 0 0
2026-04-12T17:35:27Z [AreaTriggerEvents] Created trigger TempleInside2 at 828 38 484 ori: 0 0 0
2026-04-12T17:35:27Z [AreaTriggerEvents] Created trigger TempleHammerTrigger at 366 54.3 868 ori: 0 0 0
2026-04-12T17:35:27Z [AreaTriggerEvents] Created trigger TemplePartB1 at 405 130 1517 ori: 0 0 0
2026-04-12T17:35:27Z [AreaTriggerEvents] Created trigger TemplePartB2 at 417 2.4 1591 ori: 0 0 0
2026-04-12T22:38:17Z [AreaTriggerEvents] Created trigger Temple_EG_A12 at 183.2 4.0 1906.6 ori: 0 0 0
2026-04-12T22:38:17Z [AreaTriggerEvents] Created trigger Temple_EG_GreatHallway at 247.4 61.3  1860.3 ori: 0 0 0
2026-04-12T22:38:17Z [AreaTriggerEvents] Created trigger Temple_EG_Entrance at 378.2 132.1 1479.8 ori: 0 0 0
2026-04-12T22:38:17Z [AreaTriggerEvents] Created trigger ArcticCrypt at 15621 231.4 14845 ori: 0 0 0
2026-04-12T22:38:17Z [AreaTriggerEvents] Created trigger ArcticCrypt2 at 15640 258.6 14828 ori: 0 0 0
2026-04-12T22:38:17Z [AreaTriggerEvents] Created trigger ArcticCrypt3 at 15642 208.9 14788 ori: 0 0 0
2026-04-12T22:38:17Z [AreaTriggerEvents] Created trigger KMUCMain at 7059 573.5 11620 ori: 0 0 0
2026-04-12T22:38:17Z [AreaTriggerEvents] Created trigger KMUCMainBottom at 7249 224.8 11617 ori: 0 0 0
2026-04-12T22:38:17Z [AreaTriggerEvents] Created trigger TempleBridgeJump at 371 49.6 526 ori: 0 0 0
2026-04-12T22:38:17Z [AreaTriggerEvents] Created trigger TempleOutsideTop1 at 739.5 38 483 ori: 0 0 0
2026-04-12T22:38:17Z [AreaTriggerEvents] Created trigger TempleOutsideTop2 at 670 49.5 306 ori: 0 0 0
2026-04-12T22:38:17Z [AreaTriggerEvents] Created trigger TempleWolfTrap at 591 14.3 390 ori: 0 0 0
2026-04-12T22:38:17Z [AreaTriggerEvents] Created trigger TempleInside1 at 865 19.2 410 ori: 0 0 0
2026-04-12T22:38:17Z [AreaTriggerEvents] Created trigger TempleInside2 at 828 38 484 ori: 0 0 0
2026-04-12T22:38:17Z [AreaTriggerEvents] Created trigger TempleHammerTrigger at 366 54.3 868 ori: 0 0 0
2026-04-12T22:38:17Z [AreaTriggerEvents] Created trigger TemplePartB1 at 405 130 1517 ori: 0 0 0
2026-04-12T22:38:17Z [AreaTriggerEvents] Created trigger TemplePartB2 at 417 2.4 1591 ori: 0 0 0
2026-04-12T23:11:41Z [AreaTriggerEvents] Created trigger Temple_EG_A12 at 183.2 4.0 1906.6 ori: 0 0 0
2026-04-12T23:11:41Z [AreaTriggerEvents] Created trigger Temple_EG_GreatHallway at 247.4 61.3  1860.3 ori: 0 0 0
2026-04-12T23:11:41Z [AreaTriggerEvents] Created trigger Temple_EG_Entrance at 378.2 132.1 1479.8 ori: 0 0 0
2026-04-12T23:11:41Z [AreaTriggerEvents] Created trigger ArcticCrypt at 15621 231.4 14845 ori: 0 0 0
2026-04-12T23:11:41Z [AreaTriggerEvents] Created trigger ArcticCrypt2 at 15640 258.6 14828 ori: 0 0 0
2026-04-12T23:11:41Z [AreaTriggerEvents] Created trigger ArcticCrypt3 at 15642 208.9 14788 ori: 0 0 0
2026-04-12T23:11:41Z [AreaTriggerEvents] Created trigger KMUCMain at 7059 573.5 11620 ori: 0 0 0
2026-04-12T23:11:41Z [AreaTriggerEvents] Created trigger KMUCMainBottom at 7249 224.8 11617 ori: 0 0 0
2026-04-12T23:11:41Z [AreaTriggerEvents] Created trigger TempleBridgeJump at 371 49.6 526 ori: 0 0 0
2026-04-12T23:11:41Z [AreaTriggerEvents] Created trigger TempleOutsideTop1 at 739.5 38 483 ori: 0 0 0
2026-04-12T23:11:41Z [AreaTriggerEvents] Created trigger TempleOutsideTop2 at 670 49.5 306 ori: 0 0 0
2026-04-12T23:11:41Z [AreaTriggerEvents] Created trigger TempleWolfTrap at 591 14.3 390 ori: 0 0 0
2026-04-12T23:11:41Z [AreaTriggerEvents] Created trigger TempleInside1 at 865 19.2 410 ori: 0 0 0
2026-04-12T23:11:41Z [AreaTriggerEvents] Created trigger TempleInside2 at 828 38 484 ori: 0 0 0
2026-04-12T23:11:41Z [AreaTriggerEvents] Created trigger TempleHammerTrigger at 366 54.3 868 ori: 0 0 0
2026-04-12T23:11:41Z [AreaTriggerEvents] Created trigger TemplePartB1 at 405 130 1517 ori: 0 0 0
2026-04-12T23:11:41Z [AreaTriggerEvents] Created trigger TemplePartB2 at 417 2.4 1591 ori: 0 0 0
2026-04-13T22:58:06Z [AreaTriggerEvents] Created trigger Temple_EG_A12 at 183.2 4.0 1906.6 ori: 0 0 0
2026-04-13T22:58:06Z [AreaTriggerEvents] Created trigger Temple_EG_GreatHallway at 247.4 61.3  1860.3 ori: 0 0 0
2026-04-13T22:58:06Z [AreaTriggerEvents] Created trigger Temple_EG_Entrance at 378.2 132.1 1479.8 ori: 0 0 0
2026-04-13T22:58:06Z [AreaTriggerEvents] Created trigger ArcticCrypt at 15621 231.4 14845 ori: 0 0 0
2026-04-13T22:58:06Z [AreaTriggerEvents] Created trigger ArcticCrypt2 at 15640 258.6 14828 ori: 0 0 0
2026-04-13T22:58:06Z [AreaTriggerEvents] Created trigger ArcticCrypt3 at 15642 208.9 14788 ori: 0 0 0
2026-04-13T22:58:06Z [AreaTriggerEvents] Created trigger KMUCMain at 7059 573.5 11620 ori: 0 0 0
2026-04-13T22:58:06Z [AreaTriggerEvents] Created trigger KMUCMainBottom at 7249 224.8 11617 ori: 0 0 0
2026-04-13T22:58:06Z [AreaTriggerEvents] Created trigger TempleBridgeJump at 371 49.6 526 ori: 0 0 0
2026-04-13T22:58:06Z [AreaTriggerEvents] Created trigger TempleOutsideTop1 at 739.5 38 483 ori: 0 0 0
2026-04-13T22:58:06Z [AreaTriggerEvents] Created trigger TempleOutsideTop2 at 670 49.5 306 ori: 0 0 0
2026-04-13T22:58:06Z [AreaTriggerEvents] Created trigger TempleWolfTrap at 591 14.3 390 ori: 0 0 0
2026-04-13T22:58:06Z [AreaTriggerEvents] Created trigger TempleInside1 at 865 19.2 410 ori: 0 0 0
2026-04-13T22:58:06Z [AreaTriggerEvents] Created trigger TempleInside2 at 828 38 484 ori: 0 0 0
2026-04-13T22:58:06Z [AreaTriggerEvents] Created trigger TempleHammerTrigger at 366 54.3 868 ori: 0 0 0
2026-04-13T22:58:06Z [AreaTriggerEvents] Created trigger TemplePartB1 at 405 130 1517 ori: 0 0 0
2026-04-13T22:58:06Z [AreaTriggerEvents] Created trigger TemplePartB2 at 417 2.4 1591 ori: 0 0 0
2026-04-13T23:10:28Z [AreaTriggerEvents] Created trigger Temple_EG_A12 at 183.2 4.0 1906.6 ori: 0 0 0
2026-04-13T23:10:28Z [AreaTriggerEvents] Created trigger Temple_EG_GreatHallway at 247.4 61.3  1860.3 ori: 0 0 0
2026-04-13T23:10:28Z [AreaTriggerEvents] Created trigger Temple_EG_Entrance at 378.2 132.1 1479.8 ori: 0 0 0
2026-04-13T23:10:28Z [AreaTriggerEvents] Created trigger ArcticCrypt at 15621 231.4 14845 ori: 0 0 0
2026-04-13T23:10:28Z [AreaTriggerEvents] Created trigger ArcticCrypt2 at 15640 258.6 14828 ori: 0 0 0
2026-04-13T23:10:28Z [AreaTriggerEvents] Created trigger ArcticCrypt3 at 15642 208.9 14788 ori: 0 0 0
2026-04-13T23:10:28Z [AreaTriggerEvents] Created trigger KMUCMain at 7059 573.5 11620 ori: 0 0 0
2026-04-13T23:10:28Z [AreaTriggerEvents] Created trigger KMUCMainBottom at 7249 224.8 11617 ori: 0 0 0
2026-04-13T23:10:28Z [AreaTriggerEvents] Created trigger TempleBridgeJump at 371 49.6 526 ori: 0 0 0
2026-04-13T23:10:28Z [AreaTriggerEvents] Created trigger TempleOutsideTop1 at 739.5 38 483 ori: 0 0 0
2026-04-13T23:10:28Z [AreaTriggerEvents] Created trigger TempleOutsideTop2 at 670 49.5 306 ori: 0 0 0
2026-04-13T23:10:28Z [AreaTriggerEvents] Created trigger TempleWolfTrap at 591 14.3 390 ori: 0 0 0
2026-04-13T23:10:28Z [AreaTriggerEvents] Created trigger TempleInside1 at 865 19.2 410 ori: 0 0 0
2026-04-13T23:10:28Z [AreaTriggerEvents] Created trigger TempleInside2 at 828 38 484 ori: 0 0 0
2026-04-13T23:10:28Z [AreaTriggerEvents] Created trigger TempleHammerTrigger at 366 54.3 868 ori: 0 0 0
2026-04-13T23:10:28Z [AreaTriggerEvents] Created trigger TemplePartB1 at 405 130 1517 ori: 0 0 0
2026-04-13T23:10:28Z [AreaTriggerEvents] Created trigger TemplePartB2 at 417 2.4 1591 ori: 0 0 0
2026-04-13T23:39:40Z [AreaTriggerEvents] Created trigger Temple_EG_A12 at 183.2 4.0 1906.6 ori: 0 0 0
2026-04-13T23:39:40Z [AreaTriggerEvents] Created trigger Temple_EG_GreatHallway at 247.4 61.3  1860.3 ori: 0 0 0
2026-04-13T23:39:40Z [AreaTriggerEvents] Created trigger Temple_EG_Entrance at 378.2 132.1 1479.8 ori: 0 0 0
2026-04-13T23:39:40Z [AreaTriggerEvents] Created trigger ArcticCrypt at 15621 231.4 14845 ori: 0 0 0
2026-04-13T23:39:40Z [AreaTriggerEvents] Created trigger ArcticCrypt2 at 15640 258.6 14828 ori: 0 0 0
2026-04-13T23:39:40Z [AreaTriggerEvents] Created trigger ArcticCrypt3 at 15642 208.9 14788 ori: 0 0 0
2026-04-13T23:39:40Z [AreaTriggerEvents] Created trigger KMUCMain at 7059 573.5 11620 ori: 0 0 0
2026-04-13T23:39:40Z [AreaTriggerEvents] Created trigger KMUCMainBottom at 7249 224.8 11617 ori: 0 0 0
2026-04-13T23:39:40Z [AreaTriggerEvents] Created trigger TempleBridgeJump at 371 49.6 526 ori: 0 0 0
2026-04-13T23:39:40Z [AreaTriggerEvents] Created trigger TempleOutsideTop1 at 739.5 38 483 ori: 0 0 0
2026-04-13T23:39:40Z [AreaTriggerEvents] Created trigger TempleOutsideTop2 at 670 49.5 306 ori: 0 0 0
2026-04-13T23:39:40Z [AreaTriggerEvents] Created trigger TempleWolfTrap at 591 14.3 390 ori: 0 0 0
2026-04-13T23:39:40Z [AreaTriggerEvents] Created trigger TempleInside1 at 865 19.2 410 ori: 0 0 0
2026-04-13T23:39:40Z [AreaTriggerEvents] Created trigger TempleInside2 at 828 38 484 ori: 0 0 0
2026-04-13T23:39:40Z [AreaTriggerEvents] Created trigger TempleHammerTrigger at 366 54.3 868 ori: 0 0 0
2026-04-13T23:39:40Z [AreaTriggerEvents] Created trigger TemplePartB1 at 405 130 1517 ori: 0 0 0
2026-04-13T23:39:40Z [AreaTriggerEvents] Created trigger TemplePartB2 at 417 2.4 1591 ori: 0 0 0
2026-04-13T23:50:46Z [AreaTriggerEvents] Created trigger Temple_EG_A12 at 183.2 4.0 1906.6 ori: 0 0 0
2026-04-13T23:50:46Z [AreaTriggerEvents] Created trigger Temple_EG_GreatHallway at 247.4 61.3  1860.3 ori: 0 0 0
2026-04-13T23:50:46Z [AreaTriggerEvents] Created trigger Temple_EG_Entrance at 378.2 132.1 1479.8 ori: 0 0 0
2026-04-13T23:50:46Z [AreaTriggerEvents] Created trigger ArcticCrypt at 15621 231.4 14845 ori: 0 0 0
2026-04-13T23:50:46Z [AreaTriggerEvents] Created trigger ArcticCrypt2 at 15640 258.6 14828 ori: 0 0 0
2026-04-13T23:50:46Z [AreaTriggerEvents] Created trigger ArcticCrypt3 at 15642 208.9 14788 ori: 0 0 0
2026-04-13T23:50:46Z [AreaTriggerEvents] Created trigger KMUCMain at 7059 573.5 11620 ori: 0 0 0
2026-04-13T23:50:46Z [AreaTriggerEvents] Created trigger KMUCMainBottom at 7249 224.8 11617 ori: 0 0 0
2026-04-13T23:50:46Z [AreaTriggerEvents] Created trigger TempleBridgeJump at 371 49.6 526 ori: 0 0 0
2026-04-13T23:50:46Z [AreaTriggerEvents] Created trigger TempleOutsideTop1 at 739.5 38 483 ori: 0 0 0
2026-04-13T23:50:46Z [AreaTriggerEvents] Created trigger TempleOutsideTop2 at 670 49.5 306 ori: 0 0 0
2026-04-13T23:50:46Z [AreaTriggerEvents] Created trigger TempleWolfTrap at 591 14.3 390 ori: 0 0 0
2026-04-13T23:50:46Z [AreaTriggerEvents] Created trigger TempleInside1 at 865 19.2 410 ori: 0 0 0
2026-04-13T23:50:46Z [AreaTriggerEvents] Created trigger TempleInside2 at 828 38 484 ori: 0 0 0
2026-04-13T23:50:46Z [AreaTriggerEvents] Created trigger TempleHammerTrigger at 366 54.3 868 ori: 0 0 0
2026-04-13T23:50:46Z [AreaTriggerEvents] Created trigger TemplePartB1 at 405 130 1517 ori: 0 0 0
2026-04-13T23:50:46Z [AreaTriggerEvents] Created trigger TemplePartB2 at 417 2.4 1591 ori: 0 0 0
